2020-06-10 13:46:47-log: ui-kit@1.0.0 enable
2020-06-10 13:46:47-log: ipc@1.0.0 enable
2020-06-10 13:46:47-log: preferences@1.0.0 enable
2020-06-10 13:46:50-log: engine@1.0.0 enable
2020-06-10 13:46:50-log: asset-db@1.0.0 enable
2020-06-10 13:46:50-log: scene@1.0.0 enable
2020-06-10 13:46:50-log: console@1.0.0 enable
2020-06-10 13:46:50-log: packager@1.0.0 enable
2020-06-10 13:46:50-log: project-setting@1.0.0 enable
2020-06-10 13:46:50-log: about@1.0.0 enable
2020-06-10 13:46:50-log: server@1.0.0 enable
2020-06-10 13:46:50-log: utils@1.0.0 enable
2020-06-10 13:46:50-log: assets@1.0.0 enable
2020-06-10 13:46:50-log: profile@1.0.0 enable
2020-06-10 13:46:50-log: inspector@1.0.0 enable
2020-06-10 13:46:50-log: hierarchy@1.0.0 enable
2020-06-10 13:46:50-warn: Port 7456 is occupied
2020-06-10 13:46:50-log: preview@1.0.0 enable
2020-06-10 13:46:47-log: tester@1.0.0 enable
2020-06-10 13:46:50-log: animator@1.0.0 enable
2020-06-10 13:46:51-log: alipay-mini-game@1.0.0 enable
2020-06-10 13:46:51-log: android@1.0.0 enable
2020-06-10 13:46:51-log: baidu-mini-game@1.0.0 enable
2020-06-10 13:46:51-log: huawei-mini-game@1.0.0 enable
2020-06-10 13:46:51-log: cocos-play@1.0.0 enable
2020-06-10 13:46:51-log: ios@1.0.0 enable
2020-06-10 13:46:51-log: mac@1.0.0 enable
2020-06-10 13:46:51-log: native@1.0.0 enable
2020-06-10 13:46:51-log: oppo-mini-game@1.0.0 enable
2020-06-10 13:46:51-log: vivo-mini-game@1.0.0 enable
2020-06-10 13:46:51-log: web-desktop@1.0.0 enable
2020-06-10 13:46:51-log: web-mobile@1.0.0 enable
2020-06-10 13:46:51-log: wechatgame@1.0.0 enable
2020-06-10 13:46:51-log: windows@1.0.0 enable
2020-06-10 13:46:51-log: xiaomi-quick-game@1.0.0 enable
2020-06-10 13:46:51-log: builder@1.0.0 enable
2020-06-10 13:46:51-log: lightmap@1.0.0 enable
